2011-06-01 21:05:39 Notice: Notice (8): Undefined property: Acao::$Funcao in [APP/controllers/acoes_controller.php, line 30]
2011-06-01 22:28:41 Notice: Notice (8): Undefined variable: id in [APP/controllers/alocacao_softwares_controller.php, line 13]
2011-06-01 22:28:47 Notice: Notice (8): Undefined variable: id in [APP/controllers/alocacao_softwares_controller.php, line 13]
2011-06-01 22:31:04 Notice: Notice (8): Undefined variable: id in [APP/controllers/alocacao_softwares_controller.php, line 13]
2011-06-04 21:50:08 Notice: Notice (8): Undefined variable: alocacaoSoftware in [APP/views/alocacao_softwares/relatorio.ctp, line 18]
2011-06-04 21:51:43 Notice: Notice (8): Undefined variable: alocacaoSoftware in [APP/views/alocacao_softwares/relatorio.ctp, line 18]
2011-06-04 21:56:10 Notice: Notice (8): Undefined index: id in [APP/controllers/alocacao_softwares_controller.php, line 15]
2011-06-04 21:56:10 Notice: Notice (8): Undefined index: nome in [APP/controllers/alocacao_softwares_controller.php, line 16]
2011-06-04 21:56:10 Notice: Notice (8): Undefined variable: alocacaoSoftware in [APP/views/alocacao_softwares/relatorio.ctp, line 18]
2011-06-04 22:05:47 Notice: Notice (8): Undefined index: id in [APP/controllers/alocacao_softwares_controller.php, line 15]
2011-06-04 22:05:47 Notice: Notice (8): Undefined index: nome in [APP/controllers/alocacao_softwares_controller.php, line 16]
2011-06-04 22:05:47 Notice: Notice (8): Undefined variable: alocacaoSoftware in [APP/views/alocacao_softwares/relatorio.ctp, line 18]
2011-06-04 22:06:19 Notice: Notice (8): Undefined variable: alocacaoSoftware in [APP/views/alocacao_softwares/relatorio.ctp, line 18]
2011-06-04 22:14:53 Notice: Notice (8): Undefined variable: alocacaoSoftware in [APP/views/alocacao_softwares/relatorio.ctp, line 17]
2011-06-04 22:42:34 Notice: Notice (8): A non well formed numeric value encountered in [APP/controllers/alocacao_softwares_controller.php, line 20]
2011-06-04 22:42:34 Notice: Notice (8): A non well formed numeric value encountered in [APP/controllers/alocacao_softwares_controller.php, line 20]
2011-06-04 23:16:07 Notice: Notice (8): session_start() [http://php.net/function.session-start]: ps_files_cleanup_dir: opendir(/var/lib/php5) failed: Permission denied (13) in [CORE/cake/libs/session.php, line 540]
2011-06-04 23:33:54 Notice: Notice (8): Undefined index: AlocacaoColaborador in [APP/controllers/alocacao_colaboradores_controller.php, line 18]
2011-06-04 23:33:54 Notice: Notice (8): Undefined index: AlocacaoColaborador in [APP/controllers/alocacao_colaboradores_controller.php, line 18]
2011-06-04 23:39:52 Notice: Notice (8): Undefined index: data_fim in [APP/controllers/alocacao_colaboradores_controller.php, line 21]
2011-06-04 23:39:53 Notice: Notice (8): Undefined index: data_fim in [APP/controllers/alocacao_colaboradores_controller.php, line 21]
2011-06-04 23:40:13 Notice: Notice (8): Undefined index: data_fim in [APP/controllers/alocacao_colaboradores_controller.php, line 21]
2011-06-05 11:44:00 Notice: Notice (8): Undefined offset: 2 in [APP/views/helpers/jquery.php, line 422]
2011-06-05 11:44:00 Notice: Notice (8): Undefined offset: 1 in [APP/views/helpers/jquery.php, line 422]
2011-06-06 20:00:01 Notice: Notice (8): Undefined property: AlocacaoSoftware::$User in [APP/models/alocacao_software.php, line 67]
2011-06-06 20:00:44 Notice: Notice (8): Undefined property: AlocacaoSoftware::$User in [APP/models/alocacao_software.php, line 67]
2011-06-06 20:17:09 Notice: Notice (8): A non well formed numeric value encountered in [APP/models/alocacao_software.php, line 37]
2011-06-06 21:02:30 Notice: Notice (8): Undefined property: AdditionalValidateBehavior::$name in [APP/models/behaviors/additional_validate.php, line 14]
2011-06-06 21:02:30 Notice: Notice (8): Undefined property: AdditionalValidateBehavior::$data in [APP/models/behaviors/additional_validate.php, line 14]
2011-06-06 21:13:27 Notice: Notice (8): Use of undefined constant field - assumed 'field' in [APP/models/behaviors/additional_validate.php, line 17]
2011-06-06 21:14:12 Notice: Notice (8): Use of undefined constant field - assumed 'field' in [APP/models/behaviors/additional_validate.php, line 17]
2011-06-06 22:30:57 Notice: Notice (8): Undefined property: UsuariosController::$Acao in [APP/controllers/usuarios_controller.php, line 24]
2011-06-20 22:31:44 Notice: Notice (8): Undefined variable: acoes in [APP/views/layouts/default.ctp, line 45]
2011-06-20 22:32:52 Notice: Notice (8): Undefined variable: acoes in [APP/views/layouts/default.ctp, line 45]
2011-06-20 22:35:01 Notice: Notice (8): Undefined variable: acoes in [APP/views/layouts/default.ctp, line 45]
2011-06-20 22:35:03 Notice: Notice (8): Undefined variable: acoes in [APP/views/layouts/default.ctp, line 45]
2011-08-11 01:35:21 Notice: Notice (8): Undefined index: administrador in [APP/controllers/usuarios_controller.php, line 16]
2011-08-11 01:38:31 Notice: Notice (8): Undefined index: Acao in [APP/app_controller.php, line 172]
2011-08-11 01:39:00 Notice: Notice (8): Undefined index: Acao in [APP/app_controller.php, line 172]
2011-08-11 01:42:57 Notice: Notice (8): Undefined property: Funcao::$Acao in [APP/controllers/funcoes_controller.php, line 31]
2011-08-11 02:03:44 Notice: Notice (8): Undefined variable: funcoes in [APP/views/perfis/index.ctp, line 117]
2011-08-11 09:23:24 Notice: Notice (8): Undefined index:  administrador in [APP/views/colaboradores/view.ctp, line 31]
2011-08-11 10:09:41 Notice: Notice (8): Undefined variable: acao in [APP/views/alocacao_equipamentos/index.ctp, line 139]
2011-08-11 10:13:55 Notice: Notice (8): Undefined index:  administrador in [APP/views/colaboradores/view.ctp, line 31]
2011-08-11 11:25:46 Notice: Notice (8): Undefined index:  ordem in [APP/views/requisitos/index.ctp, line 158]
2011-08-11 13:52:16 Notice: Notice (8): Undefined index:  Funcao in [APP/controllers/alocacao_colaboradores_controller.php, line 19]
2011-08-11 13:52:16 Notice: Notice (8): Undefined index:  Funcao in [APP/controllers/alocacao_colaboradores_controller.php, line 19]
2011-08-11 13:54:45 Notice: Notice (8): Undefined index:  Funcao in [APP/controllers/alocacao_colaboradores_controller.php, line 20]
2011-08-11 14:23:31 Notice: Notice (8): Undefined index:  ordem in [APP/views/requisitos/view.ctp, line 35]
2011-08-11 14:26:50 Notice: Notice (8): Undefined index:  nome in [APP/controllers/requisitos_controller.php, line 53]
2011-08-11 14:27:37 Notice: Notice (8): Undefined index:  nome in [APP/controllers/requisitos_controller.php, line 55]
2011-08-11 14:44:42 Notice: Notice (8): Undefined index:  alterado in [APP/views/requisitos/index.ctp, line 156]
2011-08-11 15:00:59 Notice: Notice (8): Undefined property: ValidacoesController::$Estoria in [APP/controllers/validacoes_controller.php, line 31]
2011-08-11 15:00:59 Notice: Notice (8): Trying to get property of non-object in [APP/controllers/validacoes_controller.php, line 31]
2011-08-11 15:38:39 Notice: Notice (8): Undefined index:  ordem in [APP/views/iteracoes/view.ctp, line 70]
2011-08-11 17:00:51 Notice: Notice (8): Undefined index:  nome in [APP/views/defeitos/index.ctp, line 147]
2011-08-11 17:06:21 Notice: Notice (8): Undefined index:  nome in [APP/views/defeitos/view.ctp, line 32]
2011-08-11 18:02:57 Notice: Notice (8): Undefined index:  administrador in [APP/views/registro_tarefas/view.ctp, line 61]
2011-08-12 15:29:30 Notice: Notice (8): Undefined index:  Dependencia in [APP/views/requisitos/view.ctp, line 94]
2011-08-12 15:30:18 Notice: Notice (8): Undefined index:  Dependencia in [APP/views/requisitos/view.ctp, line 116]
2011-08-13 08:15:17 Notice: Notice (8): Undefined index: horas in [APP/views/projetos/relatorio_andamento.ctp, line 57]
2011-08-13 08:15:17 Notice: Notice (8): Undefined index: horas in [APP/views/projetos/relatorio_andamento.ctp, line 68]
2011-08-13 08:15:41 Notice: Notice (8): Undefined index: horas in [APP/views/projetos/relatorio_andamento.ctp, line 57]
2011-08-13 08:15:42 Notice: Notice (8): Undefined index: horas in [APP/views/projetos/relatorio_andamento.ctp, line 64]
2011-08-13 08:17:24 Notice: Notice (8): Undefined index: horas in [APP/views/projetos/relatorio_andamento.ctp, line 57]
2011-08-13 08:17:24 Notice: Notice (8): Undefined index: horas in [APP/views/projetos/relatorio_andamento.ctp, line 65]
2011-08-13 08:21:31 Notice: Notice (8): Undefined index: Atividade in [APP/views/projetos/relatorio_andamento.ctp, line 98]
2011-08-13 09:38:57 Notice: Notice (8): Undefined variable: requisitos in [APP/views/requisitos/relatorio_andamento.ctp, line 28]
2011-08-13 09:38:57 Notice: Notice (8): Undefined variable: requisitos in [APP/views/requisitos/relatorio_andamento.ctp, line 28]
2011-08-13 09:39:36 Notice: Notice (8): Undefined variable: requisitos in [APP/views/requisitos/relatorio_andamento.ctp, line 28]
2011-08-13 09:50:20 Notice: Notice (8): Undefined index: Módulo in [APP/views/requisitos/relatorio_andamento.ctp, line 37]
2011-08-13 10:56:07 Notice: Notice (8): Undefined index: Tarefa in [APP/views/requisitos/relatorio_andamento.ctp, line 124]
2011-08-13 11:19:24 Notice: Notice (8): Undefined index: aprovado in [APP/views/requisitos/relatorio_andamento.ctp, line 94]
2011-08-13 11:19:25 Notice: Notice (8): Undefined index: aprovado in [APP/views/requisitos/relatorio_andamento.ctp, line 97]
2011-08-13 11:19:25 Notice: Notice (8): Undefined index: Defeito in [APP/views/requisitos/relatorio_andamento.ctp, line 103]
2011-11-26 23:26:35 Notice: Notice (8): Undefined index: Equipamento in [APP/views/equipamentos/view.ctp, line 19]
2011-11-26 23:26:35 Notice: Notice (8): Undefined index: Equipamento in [APP/views/equipamentos/view.ctp, line 20]
2011-11-26 23:26:35 Notice: Notice (8): Undefined index: Equipamento in [APP/views/equipamentos/view.ctp, line 30]
2011-11-26 23:26:35 Notice: Notice (8): Undefined index: Equipamento in [APP/views/equipamentos/view.ctp, line 31]
2011-11-26 23:26:35 Notice: Notice (8): Undefined index: Equipamento in [APP/views/equipamentos/view.ctp, line 32]
2011-11-26 23:27:49 Notice: Notice (8): Undefined index: Equipamento in [APP/views/equipamentos/view.ctp, line 19]
2011-11-26 23:27:49 Notice: Notice (8): Undefined index: Equipamento in [APP/views/equipamentos/view.ctp, line 20]
2011-11-26 23:27:49 Notice: Notice (8): Undefined index: Equipamento in [APP/views/equipamentos/view.ctp, line 30]
2011-11-26 23:27:49 Notice: Notice (8): Undefined index: Equipamento in [APP/views/equipamentos/view.ctp, line 31]
2011-11-26 23:27:49 Notice: Notice (8): Undefined index: Equipamento in [APP/views/equipamentos/view.ctp, line 32]
2011-11-27 00:21:21 Notice: Notice (8): Undefined index: Fase in [APP/views/atividades/view.ctp, line 33]
2011-11-27 00:21:21 Notice: Notice (8): Undefined index: Projeto in [APP/views/atividades/view.ctp, line 33]
2011-11-27 00:23:42 Notice: Notice (8): Undefined property: TarefasController::$Equipamento in [APP/controllers/tarefas_controller.php, line 19]
2011-11-27 00:24:06 Notice: Notice (8): Undefined index: Prioridade in [APP/views/tarefas/view.ctp, line 37]
2011-11-27 00:24:06 Notice: Notice (8): Undefined index: Situacao in [APP/views/tarefas/view.ctp, line 38]
2011-11-27 00:24:06 Notice: Notice (8): Undefined index: Estoria in [APP/views/tarefas/view.ctp, line 39]
2011-11-27 00:24:44 Notice: Notice (8): Undefined index: Prioridade in [APP/views/tarefas/view.ctp, line 37]
2011-11-27 00:24:44 Notice: Notice (8): Undefined index: Situacao in [APP/views/tarefas/view.ctp, line 38]
2011-11-27 00:24:45 Notice: Notice (8): Undefined index: Estoria in [APP/views/tarefas/view.ctp, line 39]
2011-11-27 00:26:18 Notice: Notice (8): Undefined variable: registroAtividade in [APP/views/tarefas/view.ctp, line 70]
2011-11-27 00:27:00 Notice: Notice (8): Undefined index: nome in [APP/views/tarefas/view.ctp, line 70]
2011-11-27 00:28:07 Notice: Notice (8): Undefined index: nome in [APP/views/tarefas/view.ctp, line 71]
2011-11-27 00:34:41 Notice: Notice (8): Array to string conversion in [APP/views/tarefas/view.ctp, line 72]
2011-11-27 00:39:56 Notice: Notice (8): Array to string conversion in [CORE/cake/libs/set.php, line 979]
2011-11-27 01:03:12 Notice: Notice (8): Undefined index: Fase in [APP/views/projetos/view.ctp, line 255]
2011-11-27 01:13:50 Notice: Notice (8): Undefined index: ordem in [APP/views/modulos/view.ctp, line 64]
2011-11-27 01:20:30 Notice: Notice (8): Undefined property: ValidacoesController::$Estoria in [APP/controllers/validacoes_controller.php, line 52]
2011-11-27 01:20:30 Notice: Notice (8): Trying to get property of non-object in [APP/controllers/validacoes_controller.php, line 52]
2011-11-27 12:34:05 Notice: Notice (8): Undefined variable: atividades in [APP/views/projetos/plano_projeto.ctp, line 56]
2011-11-27 12:34:05 Notice: Notice (8): Undefined variable: tarefas in [APP/views/projetos/plano_projeto.ctp, line 98]
2011-11-27 12:35:02 Notice: Notice (8): Undefined variable: atividades in [APP/views/projetos/plano_projeto.ctp, line 56]
2011-11-27 12:35:02 Notice: Notice (8): Undefined variable: tarefas in [APP/views/projetos/plano_projeto.ctp, line 98]
2011-11-27 12:35:31 Notice: Notice (8): Undefined variable: atividades in [APP/views/projetos/plano_projeto.ctp, line 56]
2011-11-27 12:35:31 Notice: Notice (8): Undefined variable: tarefas in [APP/views/projetos/plano_projeto.ctp, line 98]
2011-11-27 12:36:05 Notice: Notice (8): Undefined variable: atividades in [APP/views/projetos/plano_projeto.ctp, line 56]
2011-11-27 12:36:05 Notice: Notice (8): Undefined variable: tarefas in [APP/views/projetos/plano_projeto.ctp, line 98]
2011-11-27 12:36:31 Notice: Notice (8): Undefined variable: atividades in [APP/views/projetos/plano_projeto.ctp, line 56]
2011-11-27 12:36:31 Notice: Notice (8): Undefined variable: tarefas in [APP/views/projetos/plano_projeto.ctp, line 98]
2011-11-27 12:40:39 Notice: Notice (8): Undefined variable: atividades in [APP/views/projetos/plano_projeto.ctp, line 41]
2011-11-27 12:40:39 Notice: Notice (8): Undefined variable: tarefas in [APP/views/projetos/plano_projeto.ctp, line 83]
2011-11-27 12:41:09 Notice: Notice (8): Undefined variable: atividades in [APP/views/projetos/plano_projeto.ctp, line 41]
2011-11-27 12:41:09 Notice: Notice (8): Undefined variable: tarefas in [APP/views/projetos/plano_projeto.ctp, line 83]
2011-11-27 12:42:13 Notice: Notice (8): Undefined variable: atividades in [APP/views/projetos/plano_projeto.ctp, line 41]
2011-11-27 12:42:14 Notice: Notice (8): Undefined variable: tarefas in [APP/views/projetos/plano_projeto.ctp, line 83]
2011-11-27 12:42:41 Notice: Notice (8): Undefined variable: atividades in [APP/views/projetos/plano_projeto.ctp, line 41]
2011-11-27 12:42:41 Notice: Notice (8): Undefined variable: tarefas in [APP/views/projetos/plano_projeto.ctp, line 83]
2011-11-27 12:44:05 Notice: Notice (8): Undefined variable: atividades in [APP/views/projetos/plano_projeto.ctp, line 41]
2011-11-27 12:44:05 Notice: Notice (8): Undefined variable: tarefas in [APP/views/projetos/plano_projeto.ctp, line 83]
2011-11-27 12:47:54 Notice: Notice (8): Undefined variable: atividades in [APP/views/projetos/plano_projeto.ctp, line 41]
2011-11-27 12:47:54 Notice: Notice (8): Undefined variable: tarefas in [APP/views/projetos/plano_projeto.ctp, line 83]
2011-11-27 12:48:13 Notice: Notice (8): Undefined variable: atividades in [APP/views/projetos/plano_projeto.ctp, line 41]
2011-11-27 12:48:13 Notice: Notice (8): Undefined variable: tarefas in [APP/views/projetos/plano_projeto.ctp, line 83]
2011-11-27 12:56:20 Notice: Notice (8): Undefined variable: atividades in [APP/views/projetos/plano_projeto.ctp, line 43]
2011-11-27 12:56:20 Notice: Notice (8): Undefined variable: tarefas in [APP/views/projetos/plano_projeto.ctp, line 85]
2011-11-27 12:56:41 Notice: Notice (8): Undefined variable: atividades in [APP/views/projetos/plano_projeto.ctp, line 43]
2011-11-27 12:56:42 Notice: Notice (8): Undefined variable: tarefas in [APP/views/projetos/plano_projeto.ctp, line 85]
2011-11-27 12:58:04 Notice: Notice (8): Undefined variable: atividades in [APP/views/projetos/plano_projeto.ctp, line 43]
2011-11-27 12:58:04 Notice: Notice (8): Undefined variable: tarefas in [APP/views/projetos/plano_projeto.ctp, line 85]
2011-11-27 12:59:22 Notice: Notice (8): Undefined variable: atividades in [APP/views/projetos/plano_projeto.ctp, line 45]
2011-11-27 12:59:22 Notice: Notice (8): Undefined variable: tarefas in [APP/views/projetos/plano_projeto.ctp, line 87]
2011-11-27 13:00:37 Notice: Notice (8): Undefined variable: atividades in [APP/views/projetos/plano_projeto.ctp, line 45]
2011-11-27 13:00:37 Notice: Notice (8): Undefined variable: tarefas in [APP/views/projetos/plano_projeto.ctp, line 87]
2011-11-27 13:00:44 Notice: Notice (8): Undefined variable: atividades in [APP/views/projetos/plano_projeto.ctp, line 46]
2011-11-27 13:00:45 Notice: Notice (8): Undefined variable: tarefas in [APP/views/projetos/plano_projeto.ctp, line 88]
2011-11-27 13:01:41 Notice: Notice (8): Undefined variable: atividades in [APP/views/projetos/plano_projeto.ctp, line 46]
2011-11-27 13:01:41 Notice: Notice (8): Undefined variable: tarefas in [APP/views/projetos/plano_projeto.ctp, line 88]
2011-11-27 13:02:52 Notice: Notice (8): Undefined variable: atividades in [APP/views/projetos/plano_projeto.ctp, line 46]
2011-11-27 13:02:52 Notice: Notice (8): Undefined variable: tarefas in [APP/views/projetos/plano_projeto.ctp, line 88]
2011-11-27 13:03:17 Notice: Notice (8): Undefined variable: atividades in [APP/views/projetos/plano_projeto.ctp, line 46]
2011-11-27 13:03:17 Notice: Notice (8): Undefined variable: tarefas in [APP/views/projetos/plano_projeto.ctp, line 88]
2011-11-27 13:11:24 Notice: Notice (8): Undefined variable: atividades in [APP/views/projetos/plano_projeto.ctp, line 55]
2011-11-27 13:11:24 Notice: Notice (8): Undefined variable: tarefas in [APP/views/projetos/plano_projeto.ctp, line 97]
2011-11-27 13:16:27 Notice: Notice (8): Undefined variable: atividades in [APP/views/projetos/plano_projeto.ctp, line 75]
2011-11-27 13:16:27 Notice: Notice (8): Undefined variable: tarefas in [APP/views/projetos/plano_projeto.ctp, line 117]
2011-11-27 13:16:42 Notice: Notice (8): Undefined variable: atividades in [APP/views/projetos/plano_projeto.ctp, line 75]
2011-11-27 13:16:42 Notice: Notice (8): Undefined variable: tarefas in [APP/views/projetos/plano_projeto.ctp, line 117]
2011-11-27 13:23:21 Notice: Notice (8): Undefined variable: atividades in [APP/views/projetos/plano_projeto.ctp, line 76]
2011-11-27 13:23:21 Notice: Notice (8): Undefined variable: tarefas in [APP/views/projetos/plano_projeto.ctp, line 118]
2011-11-27 13:24:02 Notice: Notice (8): Undefined variable: atividades in [APP/views/projetos/plano_projeto.ctp, line 76]
2011-11-27 13:24:02 Notice: Notice (8): Undefined variable: tarefas in [APP/views/projetos/plano_projeto.ctp, line 118]
2011-11-27 13:30:50 Notice: Notice (8): Undefined variable: atividades in [APP/views/projetos/plano_projeto.ctp, line 78]
2011-11-27 13:30:50 Notice: Notice (8): Undefined variable: tarefas in [APP/views/projetos/plano_projeto.ctp, line 120]
2011-11-27 13:32:04 Notice: Notice (8): Undefined variable: atividades in [APP/views/projetos/plano_projeto.ctp, line 78]
2011-11-27 13:32:04 Notice: Notice (8): Undefined variable: tarefas in [APP/views/projetos/plano_projeto.ctp, line 120]
2011-11-27 13:32:19 Notice: Notice (8): Undefined variable: atividades in [APP/views/projetos/plano_projeto.ctp, line 78]
2011-11-27 13:32:19 Notice: Notice (8): Undefined variable: tarefas in [APP/views/projetos/plano_projeto.ctp, line 120]
2011-11-27 13:34:39 Notice: Notice (8): Undefined variable: atividades in [APP/views/projetos/plano_projeto.ctp, line 80]
2011-11-27 13:34:39 Notice: Notice (8): Undefined variable: tarefas in [APP/views/projetos/plano_projeto.ctp, line 122]
2011-11-27 13:38:00 Notice: Notice (8): Undefined index: Requisito in [APP/views/projetos/plano_projeto.ctp, line 31]
2011-11-27 13:38:00 Notice: Notice (8): Undefined variable: atividades in [APP/views/projetos/plano_projeto.ctp, line 86]
2011-11-27 13:38:00 Notice: Notice (8): Undefined variable: tarefas in [APP/views/projetos/plano_projeto.ctp, line 128]
2011-11-27 13:38:29 Notice: Notice (8): Undefined variable: atividades in [APP/views/projetos/plano_projeto.ctp, line 86]
2011-11-27 13:38:29 Notice: Notice (8): Undefined variable: tarefas in [APP/views/projetos/plano_projeto.ctp, line 128]
2011-11-27 13:39:35 Notice: Notice (8): Undefined variable: atividades in [APP/views/projetos/plano_projeto.ctp, line 87]
2011-11-27 13:39:35 Notice: Notice (8): Undefined variable: tarefas in [APP/views/projetos/plano_projeto.ctp, line 129]
2011-11-27 13:40:21 Notice: Notice (8): Undefined variable: atividades in [APP/views/projetos/plano_projeto.ctp, line 87]
2011-11-27 13:40:21 Notice: Notice (8): Undefined variable: tarefas in [APP/views/projetos/plano_projeto.ctp, line 129]
2011-11-27 13:40:54 Notice: Notice (8): Undefined variable: atividades in [APP/views/projetos/plano_projeto.ctp, line 89]
2011-11-27 13:40:54 Notice: Notice (8): Undefined variable: tarefas in [APP/views/projetos/plano_projeto.ctp, line 131]
2011-11-27 13:42:05 Notice: Notice (8): Undefined variable: atividades in [APP/views/projetos/plano_projeto.ctp, line 89]
2011-11-27 13:42:05 Notice: Notice (8): Undefined variable: tarefas in [APP/views/projetos/plano_projeto.ctp, line 131]
2011-11-27 13:44:45 Notice: Notice (8): Undefined variable: atividades in [APP/views/projetos/plano_projeto.ctp, line 94]
2011-11-27 13:44:45 Notice: Notice (8): Undefined variable: tarefas in [APP/views/projetos/plano_projeto.ctp, line 136]
2011-11-27 13:45:51 Notice: Notice (8): Undefined variable: atividades in [APP/views/projetos/plano_projeto.ctp, line 94]
2011-11-27 13:45:51 Notice: Notice (8): Undefined variable: tarefas in [APP/views/projetos/plano_projeto.ctp, line 136]
2011-11-27 13:49:17 Notice: Notice (8): Undefined variable: atividades in [APP/views/projetos/plano_projeto.ctp, line 110]
2011-11-27 13:49:17 Notice: Notice (8): Undefined variable: tarefas in [APP/views/projetos/plano_projeto.ctp, line 152]
2011-11-27 15:06:24 Notice: Notice (8): Array to string conversion in [APP/views/projetos/plano_projeto.ctp, line 51]
2011-11-27 15:45:13 Notice: Notice (8): Undefined index: Colaborador in [APP/views/projetos/plano_projeto.ctp, line 111]
2011-11-27 15:45:13 Notice: Notice (8): Undefined index: data_fim in [APP/views/projetos/plano_projeto.ctp, line 114]
2011-11-27 15:45:13 Notice: Notice (8): Undefined index: alocacao in [APP/views/projetos/plano_projeto.ctp, line 115]
2011-11-27 15:45:26 Notice: Notice (8): Undefined index: Colaborador in [APP/views/projetos/plano_projeto.ctp, line 112]
2011-11-27 15:45:26 Notice: Notice (8): Undefined index: data_fim in [APP/views/projetos/plano_projeto.ctp, line 115]
2011-11-27 15:45:26 Notice: Notice (8): Undefined index: alocacao in [APP/views/projetos/plano_projeto.ctp, line 116]
2011-11-27 15:46:14 Notice: Notice (8): Undefined index: data_fim in [APP/views/projetos/plano_projeto.ctp, line 115]
2011-11-27 15:46:14 Notice: Notice (8): Undefined index: alocacao in [APP/views/projetos/plano_projeto.ctp, line 116]
2013-05-20 09:26:07 Notice: Notice (8): Undefined index: Colaborador in [APP/controllers/usuarios_controller.php, line 12]
2013-05-20 09:26:50 Notice: Notice (8): Undefined index: Acao in [APP/app_controller.php, line 176]
2013-05-20 09:45:28 Notice: Notice (8): Undefined index: Acao in [APP/app_controller.php, line 176]
2013-05-20 09:45:47 Notice: Notice (8): Undefined index: Acao in [APP/app_controller.php, line 176]
2013-05-20 09:46:03 Notice: Notice (8): Undefined index: Acao in [APP/app_controller.php, line 176]
2013-05-20 09:49:21 Notice: Notice (8): Undefined index: Acao in [APP/app_controller.php, line 176]
2013-05-20 09:49:22 Notice: Notice (8): Undefined index: Acao in [APP/app_controller.php, line 176]
2013-05-20 09:49:22 Notice: Notice (8): Undefined index: Acao in [APP/app_controller.php, line 176]
2013-05-20 09:49:30 Notice: Notice (8): Undefined property: UsuariosController::$Acao in [APP/controllers/usuarios_controller.php, line 15]
2013-05-20 09:50:15 Notice: Notice (8): Undefined property: UsuariosController::$Acao in [APP/controllers/usuarios_controller.php, line 15]
2013-05-20 10:02:26 Notice: Notice (8): Undefined property: UsuariosController::$Usuario in [APP/controllers/usuarios_controller.php, line 11]
2013-05-20 10:03:50 Notice: Notice (8): Undefined variable: joins in [APP/controllers/usuarios_controller.php, line 16]
2013-05-20 10:04:00 Notice: Notice (8): Undefined variable: joins in [APP/controllers/usuarios_controller.php, line 16]
2013-05-20 15:34:26 Notice: Notice (8): Undefined variable: joins in [APP/controllers/usuarios_controller.php, line 16]
2013-05-20 15:39:50 Notice: Notice (8): Undefined variable: joins in [APP/controllers/usuarios_controller.php, line 16]
2013-05-20 15:44:32 Notice: Notice (8): Undefined index: nome in [APP/views/selecoes/index.ctp, line 32]
2013-05-20 15:44:32 Notice: Notice (8): Undefined index: nome in [APP/views/selecoes/index.ctp, line 35]
2013-05-20 15:44:32 Notice: Notice (8): Undefined index: nome in [APP/views/selecoes/index.ctp, line 41]
2013-05-20 15:44:32 Notice: Notice (8): Undefined index: nome in [APP/views/selecoes/index.ctp, line 44]
2013-05-20 16:06:49 Notice: Notice (8): Undefined variable: joins in [APP/controllers/usuarios_controller.php, line 16]
2013-05-20 16:06:54 Notice: Notice (8): Undefined index: nome in [APP/views/selecoes/index.ctp, line 32]
2013-05-20 16:06:54 Notice: Notice (8): Undefined index: nome in [APP/views/selecoes/index.ctp, line 35]
2013-05-20 16:06:54 Notice: Notice (8): Undefined index: nome in [APP/views/selecoes/index.ctp, line 41]
2013-05-20 16:06:54 Notice: Notice (8): Undefined index: nome in [APP/views/selecoes/index.ctp, line 44]
2013-05-20 16:11:27 Notice: Notice (8): Undefined index: nome in [APP/views/selecoes/index.ctp, line 32]
2013-05-20 16:11:27 Notice: Notice (8): Undefined index: nome in [APP/views/selecoes/index.ctp, line 35]
2013-05-20 16:11:27 Notice: Notice (8): Undefined index: nome in [APP/views/selecoes/index.ctp, line 41]
2013-05-20 16:11:27 Notice: Notice (8): Undefined index: nome in [APP/views/selecoes/index.ctp, line 44]
2013-05-20 16:12:22 Notice: Notice (8): Undefined index: nome in [APP/views/selecoes/index.ctp, line 32]
2013-05-20 16:12:22 Notice: Notice (8): Undefined index: nome in [APP/views/selecoes/index.ctp, line 35]
2013-05-20 16:12:22 Notice: Notice (8): Undefined index: nome in [APP/views/selecoes/index.ctp, line 41]
2013-05-20 16:12:22 Notice: Notice (8): Undefined index: nome in [APP/views/selecoes/index.ctp, line 44]
2013-05-20 16:20:05 Notice: Notice (8): Undefined index: nome in [APP/views/selecoes/index.ctp, line 32]
2013-05-20 16:20:05 Notice: Notice (8): Undefined index: nome in [APP/views/selecoes/index.ctp, line 35]
2013-05-20 16:20:05 Notice: Notice (8): Undefined index: nome in [APP/views/selecoes/index.ctp, line 41]
2013-05-20 16:20:05 Notice: Notice (8): Undefined index: nome in [APP/views/selecoes/index.ctp, line 44]
2013-05-20 16:20:07 Notice: Notice (8): Undefined index: nome in [APP/views/selecoes/index.ctp, line 32]
2013-05-20 16:20:07 Notice: Notice (8): Undefined index: nome in [APP/views/selecoes/index.ctp, line 35]
2013-05-20 16:20:07 Notice: Notice (8): Undefined index: nome in [APP/views/selecoes/index.ctp, line 41]
2013-05-20 16:20:07 Notice: Notice (8): Undefined index: nome in [APP/views/selecoes/index.ctp, line 44]
2013-05-20 16:45:47 Notice: Notice (8): Undefined variable: jquery in [APP/views/selecoes/index.ctp, line 92]
2013-05-20 16:54:57 Notice: Notice (8): Undefined variable: jquery in [APP/views/selecoes/index.ctp, line 92]
2013-05-21 21:36:16 Notice: Notice (8): Undefined variable: jquery in [APP/views/selecoes/index.ctp, line 92]
2013-05-21 21:37:27 Notice: Notice (8): Undefined variable: jquery in [APP/views/selecoes/index.ctp, line 92]
2013-05-21 21:37:30 Notice: Notice (8): Undefined variable: jquery in [APP/views/selecoes/index.ctp, line 92]
2013-05-21 21:38:26 Notice: Notice (8): Undefined variable: jquery in [APP/views/selecoes/index.ctp, line 90]
2013-05-21 21:40:35 Notice: Notice (8): Undefined variable: tiposCusto in [APP/views/selecoes/index.ctp, line 140]
2013-05-21 21:51:25 Notice: Notice (8): Undefined variable: joins in [APP/controllers/usuarios_controller.php, line 16]
2013-05-23 20:48:25 Notice: Notice (8): Undefined variable: joins in [APP/controllers/usuarios_controller.php, line 16]
2013-05-23 20:54:16 Notice: Notice (8): Undefined variable: joins in [APP/controllers/usuarios_controller.php, line 16]
2013-05-23 20:55:10 Notice: Notice (8): Undefined index: 0 in [APP/views/layouts/default.ctp, line 77]
2013-05-23 20:55:10 Notice: Notice (8): Undefined variable: menu in [APP/views/layouts/default.ctp, line 344]
2013-05-23 20:55:10 Notice: Notice (8): Undefined index: 0 in [APP/views/layouts/default.ctp, line 77]
2013-05-23 20:55:10 Notice: Notice (8): Undefined variable: menu in [APP/views/layouts/default.ctp, line 344]
2013-05-23 20:55:20 Notice: Notice (8): Undefined index: 0 in [APP/views/layouts/default.ctp, line 77]
2013-05-23 20:55:21 Notice: Notice (8): Undefined variable: menu in [APP/views/layouts/default.ctp, line 344]
2013-05-23 20:55:21 Notice: Notice (8): Undefined index: 0 in [APP/views/layouts/default.ctp, line 77]
2013-05-23 20:55:21 Notice: Notice (8): Undefined variable: menu in [APP/views/layouts/default.ctp, line 344]
2013-05-23 20:56:02 Notice: Notice (8): Undefined index: 0 in [APP/views/layouts/default.ctp, line 77]
2013-05-23 20:56:02 Notice: Notice (8): Undefined variable: menu in [APP/views/layouts/default.ctp, line 344]
2013-05-23 20:56:02 Notice: Notice (8): Undefined index: 0 in [APP/views/layouts/default.ctp, line 77]
2013-05-23 20:56:02 Notice: Notice (8): Undefined variable: menu in [APP/views/layouts/default.ctp, line 344]
2013-05-23 20:56:06 Notice: Notice (8): Undefined index: 0 in [APP/views/layouts/default.ctp, line 77]
2013-05-23 20:56:06 Notice: Notice (8): Undefined variable: menu in [APP/views/layouts/default.ctp, line 344]
2013-05-23 20:56:06 Notice: Notice (8): Undefined index: 0 in [APP/views/layouts/default.ctp, line 77]
2013-05-23 20:56:06 Notice: Notice (8): Undefined variable: menu in [APP/views/layouts/default.ctp, line 344]
2013-05-23 20:56:11 Notice: Notice (8): Undefined variable: menu in [APP/views/layouts/default.ctp, line 344]
2013-05-23 20:56:11 Notice: Notice (8): Undefined index: 0 in [APP/views/layouts/default.ctp, line 77]
2013-05-23 20:56:11 Notice: Notice (8): Undefined variable: menu in [APP/views/layouts/default.ctp, line 344]
2013-05-23 20:59:00 Notice: Notice (8): Undefined variable: menu in [APP/views/layouts/default.ctp, line 344]
2013-05-23 20:59:00 Notice: Notice (8): Undefined index: 0 in [APP/views/layouts/default.ctp, line 77]
2013-05-23 20:59:00 Notice: Notice (8): Undefined variable: menu in [APP/views/layouts/default.ctp, line 344]
2013-05-23 20:59:01 Notice: Notice (8): Undefined variable: menu in [APP/views/layouts/default.ctp, line 344]
2013-05-23 20:59:01 Notice: Notice (8): Undefined index: 0 in [APP/views/layouts/default.ctp, line 77]
2013-05-23 20:59:01 Notice: Notice (8): Undefined variable: menu in [APP/views/layouts/default.ctp, line 344]
2013-05-23 20:59:02 Notice: Notice (8): Undefined variable: menu in [APP/views/layouts/default.ctp, line 344]
2013-05-23 20:59:02 Notice: Notice (8): Undefined variable: menu in [APP/views/layouts/default.ctp, line 344]
2013-05-23 20:59:02 Notice: Notice (8): Undefined index: 0 in [APP/views/layouts/default.ctp, line 77]
2013-05-23 20:59:02 Notice: Notice (8): Undefined variable: menu in [APP/views/layouts/default.ctp, line 344]
2013-05-23 21:03:13 Notice: Notice (8): Undefined variable: joins in [APP/controllers/usuarios_controller.php, line 16]
2013-05-23 21:09:32 Notice: Notice (8): Undefined variable: joins in [APP/controllers/usuarios_controller.php, line 16]
2013-05-23 21:11:22 Notice: Notice (8): Undefined variable: joins in [APP/controllers/usuarios_controller.php, line 16]
2013-05-23 21:13:16 Notice: Notice (8): Undefined index: Situacao in [APP/views/selecoes/index.ctp, line 104]
2013-05-25 23:12:01 Notice: Notice (8): Undefined variable: joins in [APP/controllers/usuarios_controller.php, line 16]
2013-06-02 14:48:47 Notice: Notice (8): Undefined variable: joins in [APP/controllers/usuarios_controller.php, line 16]
2013-06-02 15:04:44 Notice: Notice (8): Undefined variable: joins in [APP/controllers/usuarios_controller.php, line 16]
2013-06-02 15:12:25 Notice: Notice (8): Undefined variable: jquery in [APP/views/selecoes/add.ctp, line 24]
2013-06-02 18:05:29 Notice: Notice (8): Undefined variable: joins in [APP/controllers/usuarios_controller.php, line 16]
2013-06-02 18:08:26 Notice: Notice (8): Undefined variable: joins in [APP/controllers/usuarios_controller.php, line 16]
2013-06-02 18:18:23 Notice: Notice (8): Undefined variable: joins in [APP/controllers/usuarios_controller.php, line 16]
2013-06-02 18:24:27 Notice: Notice (8): Undefined variable: joins in [APP/controllers/usuarios_controller.php, line 16]
2013-06-04 21:16:38 Notice: Notice (8): Undefined variable: joins in [APP/controllers/usuarios_controller.php, line 16]
2013-06-04 21:39:11 Notice: Notice (8): Undefined variable: joins in [APP/controllers/usuarios_controller.php, line 17]
2013-06-04 21:42:28 Notice: Notice (8): Undefined variable: joins in [APP/controllers/usuarios_controller.php, line 19]
2013-06-04 21:43:18 Notice: Notice (8): Undefined index: Acao in [APP/app_controller.php, line 176]
2013-06-04 21:44:17 Notice: Notice (8): Undefined index: Acao in [APP/app_controller.php, line 176]
2013-06-04 21:44:24 Notice: Notice (8): Use of undefined constant acoes - assumed 'acoes' in [APP/controllers/usuarios_controller.php, line 22]
2013-06-04 21:48:08 Notice: Notice (8): Undefined offset: 0 in [CORE/cake/libs/model/datasources/dbo_source.php, line 1266]
2013-06-04 21:48:08 Notice: Notice (8): Undefined offset: 1 in [CORE/cake/libs/model/datasources/dbo_source.php, line 1266]
2013-06-04 21:48:08 Notice: Notice (8): Undefined offset: 2 in [CORE/cake/libs/model/datasources/dbo_source.php, line 1266]
2013-06-04 21:48:08 Notice: Notice (8): Undefined offset: 3 in [CORE/cake/libs/model/datasources/dbo_source.php, line 1266]
2013-06-04 21:48:08 Notice: Notice (8): Array to string conversion in [CORE/cake/libs/model/datasources/dbo_source.php, line 1278]
2013-06-04 21:48:08 Notice: Notice (8): Use of undefined constant acoes - assumed 'acoes' in [APP/controllers/usuarios_controller.php, line 27]
2013-06-04 21:51:19 Notice: Notice (8): Undefined offset: 0 in [CORE/cake/libs/model/datasources/dbo_source.php, line 1266]
2013-06-04 21:51:19 Notice: Notice (8): Undefined offset: 1 in [CORE/cake/libs/model/datasources/dbo_source.php, line 1266]
2013-06-04 21:51:19 Notice: Notice (8): Undefined offset: 2 in [CORE/cake/libs/model/datasources/dbo_source.php, line 1266]
2013-06-04 21:51:19 Notice: Notice (8): Undefined offset: 3 in [CORE/cake/libs/model/datasources/dbo_source.php, line 1266]
2013-06-04 21:51:19 Notice: Notice (8): Array to string conversion in [CORE/cake/libs/model/datasources/dbo_source.php, line 1278]
2013-06-04 21:51:19 Notice: Notice (8): Use of undefined constant acoes - assumed 'acoes' in [APP/controllers/usuarios_controller.php, line 27]
2013-06-04 21:51:34 Notice: Notice (8): Undefined index: Acao in [APP/app_controller.php, line 176]
2013-06-04 21:52:33 Notice: Notice (8): Undefined offset: 0 in [CORE/cake/libs/model/datasources/dbo_source.php, line 1266]
2013-06-04 21:52:33 Notice: Notice (8): Undefined offset: 1 in [CORE/cake/libs/model/datasources/dbo_source.php, line 1266]
2013-06-04 21:52:33 Notice: Notice (8): Undefined offset: 2 in [CORE/cake/libs/model/datasources/dbo_source.php, line 1266]
2013-06-04 21:52:33 Notice: Notice (8): Undefined offset: 3 in [CORE/cake/libs/model/datasources/dbo_source.php, line 1266]
2013-06-04 21:52:33 Notice: Notice (8): Array to string conversion in [CORE/cake/libs/model/datasources/dbo_source.php, line 1278]
2013-06-04 21:53:57 Notice: Notice (8): Undefined offset: 0 in [CORE/cake/libs/model/datasources/dbo_source.php, line 1266]
2013-06-04 21:53:57 Notice: Notice (8): Undefined offset: 1 in [CORE/cake/libs/model/datasources/dbo_source.php, line 1266]
2013-06-04 21:53:57 Notice: Notice (8): Undefined offset: 2 in [CORE/cake/libs/model/datasources/dbo_source.php, line 1266]
2013-06-04 21:53:57 Notice: Notice (8): Undefined offset: 3 in [CORE/cake/libs/model/datasources/dbo_source.php, line 1266]
2013-06-04 21:53:57 Notice: Notice (8): Array to string conversion in [CORE/cake/libs/model/datasources/dbo_source.php, line 1278]
2013-06-04 21:58:28 Notice: Notice (8): Undefined offset: 0 in [CORE/cake/libs/model/datasources/dbo_source.php, line 1266]
2013-06-04 21:58:28 Notice: Notice (8): Undefined offset: 1 in [CORE/cake/libs/model/datasources/dbo_source.php, line 1266]
2013-06-04 21:58:28 Notice: Notice (8): Undefined offset: 2 in [CORE/cake/libs/model/datasources/dbo_source.php, line 1266]
2013-06-04 21:58:28 Notice: Notice (8): Undefined offset: 3 in [CORE/cake/libs/model/datasources/dbo_source.php, line 1266]
2013-06-04 21:58:28 Notice: Notice (8): Array to string conversion in [CORE/cake/libs/model/datasources/dbo_source.php, line 1278]
2013-06-04 21:58:35 Notice: Notice (8): Undefined offset: 0 in [CORE/cake/libs/model/datasources/dbo_source.php, line 1266]
2013-06-04 21:58:35 Notice: Notice (8): Undefined offset: 1 in [CORE/cake/libs/model/datasources/dbo_source.php, line 1266]
2013-06-04 21:58:35 Notice: Notice (8): Undefined offset: 2 in [CORE/cake/libs/model/datasources/dbo_source.php, line 1266]
2013-06-04 21:58:35 Notice: Notice (8): Undefined offset: 3 in [CORE/cake/libs/model/datasources/dbo_source.php, line 1266]
2013-06-04 21:58:35 Notice: Notice (8): Array to string conversion in [CORE/cake/libs/model/datasources/dbo_source.php, line 1278]
2013-06-04 21:59:31 Notice: Notice (8): Undefined offset: 0 in [CORE/cake/libs/model/datasources/dbo_source.php, line 1266]
2013-06-04 21:59:31 Notice: Notice (8): Undefined offset: 1 in [CORE/cake/libs/model/datasources/dbo_source.php, line 1266]
2013-06-04 21:59:31 Notice: Notice (8): Undefined offset: 2 in [CORE/cake/libs/model/datasources/dbo_source.php, line 1266]
2013-06-04 21:59:31 Notice: Notice (8): Undefined offset: 3 in [CORE/cake/libs/model/datasources/dbo_source.php, line 1266]
2013-06-04 22:01:44 Notice: Notice (8): Undefined offset: 0 in [CORE/cake/libs/model/datasources/dbo_source.php, line 1266]
2013-06-04 22:01:44 Notice: Notice (8): Undefined offset: 1 in [CORE/cake/libs/model/datasources/dbo_source.php, line 1266]
2013-06-04 22:01:44 Notice: Notice (8): Undefined offset: 2 in [CORE/cake/libs/model/datasources/dbo_source.php, line 1266]
2013-06-04 22:01:44 Notice: Notice (8): Undefined offset: 3 in [CORE/cake/libs/model/datasources/dbo_source.php, line 1266]
2013-06-04 22:01:44 Notice: Notice (8): Array to string conversion in [CORE/cake/libs/model/datasources/dbo_source.php, line 1278]
2013-06-04 23:56:32 Notice: Notice (8): Undefined index: Motivo in [APP/views/selecoes/index.ctp, line 117]
2013-06-05 00:09:44 Notice: Notice (8): Undefined index: Motivo in [APP/views/selecoes/index.ctp, line 117]
2013-06-05 00:09:52 Notice: Notice (8): Undefined index: Motivo in [APP/views/selecoes/index.ctp, line 117]
2013-06-05 00:09:55 Notice: Notice (8): Undefined index: Motivo in [APP/views/selecoes/index.ctp, line 117]
2013-06-05 00:10:17 Notice: Notice (8): Undefined index: Motivo in [APP/views/selecoes/index.ctp, line 117]
2013-06-05 00:10:50 Notice: Notice (8): Undefined index: Motivo in [APP/views/selecoes/index.ctp, line 117]
2013-06-05 00:13:18 Notice: Notice (8): Undefined offset: 0 in [APP/views/selecoes/index.ctp, line 117]
2013-06-05 00:13:33 Notice: Notice (8): Undefined offset: 0 in [APP/views/selecoes/index.ctp, line 117]
2013-06-05 00:14:30 Notice: Notice (8): Undefined offset: 0 in [APP/views/selecoes/index.ctp, line 117]
2013-06-06 21:13:25 Notice: Notice (8): Undefined offset: 0 in [APP/views/selecoes/index.ctp, line 117]
